<?xml version="1.0" encoding="UTF-8"?>
<testng-results ignored="0" total="1" passed="1" failed="0" skipped="0">
  <reporter-output>
  </reporter-output>
  <suite started-at="2020-06-15T07:23:13Z" name="Suite" finished-at="2020-06-15T07:24:47Z" duration-ms="93916">
    <groups>
    </groups>
    <test started-at="2020-06-15T07:23:13Z" name="ChromeTest" finished-at="2020-06-15T07:24:47Z" duration-ms="93916">
      <class name="practical.FlipkartTest">
        <test-method is-config="true" signature="beforeTest(java.lang.String)[pri:0, instance:practical.FlipkartTest@437da279]" started-at="2020-06-15T07:23:13Z" name="beforeTest" finished-at="2020-06-15T07:23:19Z" duration-ms="6595" status="PASS">
          <params>
            <param index="0">
              <value>
                <![CDATA[chrome]]>
              </value>
            </param>
          </params>
          <reporter-output>
          </reporter-output>
        </test-method> <!-- beforeTest -->
        <test-method signature="f()[pri:0, instance:practical.FlipkartTest@437da279]" started-at="2020-06-15T07:23:19Z" name="f" finished-at="2020-06-15T07:24:44Z" duration-ms="84985" status="PASS">
          <reporter-output>
          </reporter-output>
        </test-method> <!-- f -->
        <test-method is-config="true" signature="afterTest()[pri:0, instance:practical.FlipkartTest@437da279]" started-at="2020-06-15T07:24:44Z" name="afterTest" finished-at="2020-06-15T07:24:47Z" duration-ms="2313" status="PASS">
          <reporter-output>
          </reporter-output>
        </test-method> <!-- afterTest -->
      </class> <!-- practical.FlipkartTest -->
    </test> <!-- ChromeTest -->
  </suite> <!-- Suite -->
</testng-results>
